suishouji/build/outputs/logs/manifest-merger-debug-report.txt
-- Merging decision tree log ---
manifest
ADDED from src\main\AndroidManifest.xml:2:1-26:12
	package
		ADDED from src\main\AndroidManifest.xml:3:2-32
		INJECTED from src\main\AndroidManifest.xml
		INJECTED from src\main\AndroidManifest.xml
	android:versionName
		ADDED from src\main\AndroidManifest.xml:4:2-27
		INJECTED from src\main\AndroidManifest.xml
		INJECTED from src\main\AndroidManifest.xml
	android:versionCode
		ADDED from src\main\AndroidManifest.xml:3:33-56
		INJECTED from src\main\AndroidManifest.xml
		INJECTED from src\main\AndroidManifest.xml
	xmlns:android
		ADDED from src\main\AndroidManifest.xml:2:11-69
application
ADDED from src\main\AndroidManifest.xml:5:2-24:16
MERGED from [com.android.support:design:23.4.0] AndroidManifest.xml:22:5-20
MERGED from [com.android.support:support-v4:23.4.0] AndroidManifest.xml:22:5-20
MERGED from [com.android.support:appcompat-v7:23.4.0] AndroidManifest.xml:25:5-20
MERGED from [com.android.support:animated-vector-drawable:23.4.0] AndroidManifest.xml:7:5-20
MERGED from [com.android.support:support-vector-drawable:23.4.0] AndroidManifest.xml:7:5-20
	android:label
		ADDED from src\main\AndroidManifest.xml:5:45-77
	android:icon
		ADDED from src\main\AndroidManifest.xml:5:15-44
	android:theme
		ADDED from src\main\AndroidManifest.xml:6:3-50
activity#com.uangel.suishouji.SplashScreenActivity
ADDED from src\main\AndroidManifest.xml:7:3-12:14
	android:screenOrientation
		ADDED from src\main\AndroidManifest.xml:7:50-86
	android:label
		ADDED from src\main\AndroidManifest.xml:7:138-170
	android:configChanges
		ADDED from src\main\AndroidManifest.xml:7:87-137
	android:name
		ADDED from src\main\AndroidManifest.xml:7:13-49
intent-filter#android.intent.action.MAIN+android.intent.category.LAUNCHER
ADDED from src\main\AndroidManifest.xml:8:4-11:20
action#android.intent.action.MAIN
ADDED from src\main\AndroidManifest.xml:9:5-57
	android:name
		ADDED from src\main\AndroidManifest.xml:9:13-54
category#android.intent.category.LAUNCHER
ADDED from src\main\AndroidManifest.xml:10:5-65
	android:name
		ADDED from src\main\AndroidManifest.xml:10:15-62
activity#com.uangel.suishouji.MainActivity
ADDED from src\main\AndroidManifest.xml:13:3-15:59
	android:screenOrientation
		ADDED from src\main\AndroidManifest.xml:14:4-40
	android:windowSoftInputMode
		ADDED from src\main\AndroidManifest.xml:15:4-56
	android:configChanges
		ADDED from src\main\AndroidManifest.xml:14:41-91
	android:name
		ADDED from src\main\AndroidManifest.xml:13:13-41
activity#com.uangel.suishouji.TransactionTabActivity
ADDED from src\main\AndroidManifest.xml:16:3-17:94
	android:screenOrientation
		ADDED from src\main\AndroidManifest.xml:17:4-40
	android:configChanges
		ADDED from src\main\AndroidManifest.xml:17:41-91
	android:name
		ADDED from src\main\AndroidManifest.xml:16:13-51
activity#com.uangel.suishouji.NavExpenseActivity
ADDED from src\main\AndroidManifest.xml:18:3-138
	android:screenOrientation
		ADDED from src\main\AndroidManifest.xml:18:48-84
	android:configChanges
		ADDED from src\main\AndroidManifest.xml:18:85-135
	android:name
		ADDED from src\main\AndroidManifest.xml:18:13-47
activity#com.uangel.suishouji.SettingAccountActivity
ADDED from src\main\AndroidManifest.xml:19:3-142
	android:screenOrientation
		ADDED from src\main\AndroidManifest.xml:19:52-88
	android:configChanges
		ADDED from src\main\AndroidManifest.xml:19:89-139
	android:name
		ADDED from src\main\AndroidManifest.xml:19:13-51
activity#com.uangel.suishouji.SettingAddOrEditAccountActivity
ADDED from src\main\AndroidManifest.xml:20:9-157
	android:screenOrientation
		ADDED from src\main\AndroidManifest.xml:20:67-103
	android:configChanges
		ADDED from src\main\AndroidManifest.xml:20:104-154
	android:name
		ADDED from src\main\AndroidManifest.xml:20:19-66
activity#com.uangel.suishouji.TransferActivity
ADDED from src\main\AndroidManifest.xml:21:9-142
	android:screenOrientation
		ADDED from src\main\AndroidManifest.xml:21:52-88
	android:configChanges
		ADDED from src\main\AndroidManifest.xml:21:89-139
	android:name
		ADDED from src\main\AndroidManifest.xml:21:19-51
activity#com.uangel.suishouji.KeyPad
ADDED from src\main\AndroidManifest.xml:22:9-132
	android:screenOrientation
		ADDED from src\main\AndroidManifest.xml:22:42-78
	android:configChanges
		ADDED from src\main\AndroidManifest.xml:22:79-129
	android:name
		ADDED from src\main\AndroidManifest.xml:22:19-41
activity#com.uangel.suishouji.BudgetActivity
ADDED from src\main\AndroidManifest.xml:23:3-134
	android:screenOrientation
		ADDED from src\main\AndroidManifest.xml:23:44-80
	android:configChanges
		ADDED from src\main\AndroidManifest.xml:23:81-131
	android:name
		ADDED from src\main\AndroidManifest.xml:23:13-43
uses-sdk
INJECTED from src\main\AndroidManifest.xml reason: use-sdk injection requested
MERGED from [com.android.support:design:23.4.0] AndroidManifest.xml:20:5-43
MERGED from [com.android.support:recyclerview-v7:23.4.0] AndroidManifest.xml:20:5-43
MERGED from [com.android.support:support-v4:23.4.0] AndroidManifest.xml:20:5-43
MERGED from [com.android.support:appcompat-v7:23.4.0] AndroidManifest.xml:21:5-23:78
MERGED from [com.android.support:animated-vector-drawable:23.4.0] AndroidManifest.xml:5:5-44
MERGED from [com.android.support:support-vector-drawable:23.4.0] AndroidManifest.xml:5:5-43
	tools:overrideLibrary
		ADDED from [com.android.support:appcompat-v7:23.4.0] AndroidManifest.xml:23:9-75
	android:targetSdkVersion
		INJECTED from src\main\AndroidManifest.xml
		INJECTED from src\main\AndroidManifest.xml
	android:minSdkVersion
		INJECTED from src\main\AndroidManifest.xml
		INJECTED from src\main\AndroidManifest.xml